[2025-06-12T00:56:45.503+0000] {taskinstance.py:1956} INFO - Dependencies all met for dep_context=non-requeueable deps ti=<TaskInstance: dynamic_training_pipeline.create_folders scheduled__2024-10-05T15:00:00+00:00 [queued]>
[2025-06-12T00:56:45.513+0000] {taskinstance.py:1956} INFO - Dependencies all met for dep_context=requeueable deps ti=<TaskInstance: dynamic_training_pipeline.create_folders scheduled__2024-10-05T15:00:00+00:00 [queued]>
[2025-06-12T00:56:45.515+0000] {taskinstance.py:2170} INFO - Starting attempt 1 of 2
[2025-06-12T00:56:45.531+0000] {taskinstance.py:2191} INFO - Executing <Task(PythonOperator): create_folders> on 2024-10-05 15:00:00+00:00
[2025-06-12T00:56:45.540+0000] {standard_task_runner.py:60} INFO - Started process 306 to run task
[2025-06-12T00:56:45.544+0000] {standard_task_runner.py:87} INFO - Running: ['***', 'tasks', 'run', 'dynamic_training_pipeline', 'create_folders', 'scheduled__2024-10-05T15:00:00+00:00', '--job-id', '62', '--raw', '--subdir', 'DAGS_FOLDER/dag_dynamic.py', '--cfg-path', '/tmp/tmpa0d9zrwq']
[2025-06-12T00:56:45.557+0000] {standard_task_runner.py:88} INFO - Job 62: Subtask create_folders
[2025-06-12T00:56:45.648+0000] {task_command.py:423} INFO - Running <TaskInstance: dynamic_training_pipeline.create_folders scheduled__2024-10-05T15:00:00+00:00 [running]> on host 5b1df1b482e5
[2025-06-12T00:56:45.739+0000] {taskinstance.py:2480} INFO - Exporting env vars: AIRFLOW_CTX_DAG_OWNER='***' AIRFLOW_CTX_DAG_ID='dynamic_training_pipeline' AIRFLOW_CTX_TASK_ID='create_folders' AIRFLOW_CTX_EXECUTION_DATE='2024-10-05T15:00:00+00:00' AIRFLOW_CTX_TRY_NUMBER='1' AIRFLOW_CTX_DAG_RUN_ID='scheduled__2024-10-05T15:00:00+00:00'
[2025-06-12T00:56:45.747+0000] {python.py:201} INFO - Done. Returned value was: None
[2025-06-12T00:56:45.758+0000] {taskinstance.py:1138} INFO - Marking task as SUCCESS. dag_id=dynamic_training_pipeline, task_id=create_folders, execution_date=20241005T150000, start_date=20250612T005645, end_date=20250612T005645
[2025-06-12T00:56:45.812+0000] {local_task_job_runner.py:234} INFO - Task exited with return code 0
[2025-06-12T00:56:45.840+0000] {taskinstance.py:3280} INFO - 1 downstream tasks scheduled from follow-on schedule check
[2025-06-12T01:45:39.244+0000] {taskinstance.py:1956} INFO - Dependencies all met for dep_context=non-requeueable deps ti=<TaskInstance: dynamic_training_pipeline.create_folders scheduled__2024-10-05T15:00:00+00:00 [queued]>
[2025-06-12T01:45:39.252+0000] {taskinstance.py:1956} INFO - Dependencies all met for dep_context=requeueable deps ti=<TaskInstance: dynamic_training_pipeline.create_folders scheduled__2024-10-05T15:00:00+00:00 [queued]>
[2025-06-12T01:45:39.253+0000] {taskinstance.py:2170} INFO - Starting attempt 1 of 2
[2025-06-12T01:45:39.276+0000] {taskinstance.py:2191} INFO - Executing <Task(PythonOperator): create_folders> on 2024-10-05 15:00:00+00:00
[2025-06-12T01:45:39.296+0000] {standard_task_runner.py:60} INFO - Started process 296 to run task
[2025-06-12T01:45:39.306+0000] {standard_task_runner.py:87} INFO - Running: ['***', 'tasks', 'run', 'dynamic_training_pipeline', 'create_folders', 'scheduled__2024-10-05T15:00:00+00:00', '--job-id', '2', '--raw', '--subdir', 'DAGS_FOLDER/dag_dynamic.py', '--cfg-path', '/tmp/tmp9pd1zu2z']
[2025-06-12T01:45:39.316+0000] {standard_task_runner.py:88} INFO - Job 2: Subtask create_folders
[2025-06-12T01:45:39.371+0000] {task_command.py:423} INFO - Running <TaskInstance: dynamic_training_pipeline.create_folders scheduled__2024-10-05T15:00:00+00:00 [running]> on host caffbd336f08
[2025-06-12T01:45:39.462+0000] {taskinstance.py:2480} INFO - Exporting env vars: AIRFLOW_CTX_DAG_OWNER='***' AIRFLOW_CTX_DAG_ID='dynamic_training_pipeline' AIRFLOW_CTX_TASK_ID='create_folders' AIRFLOW_CTX_EXECUTION_DATE='2024-10-05T15:00:00+00:00' AIRFLOW_CTX_TRY_NUMBER='1' AIRFLOW_CTX_DAG_RUN_ID='scheduled__2024-10-05T15:00:00+00:00'
[2025-06-12T01:45:39.466+0000] {python.py:201} INFO - Done. Returned value was: None
[2025-06-12T01:45:39.474+0000] {taskinstance.py:1138} INFO - Marking task as SUCCESS. dag_id=dynamic_training_pipeline, task_id=create_folders, execution_date=20241005T150000, start_date=20250612T014539, end_date=20250612T014539
[2025-06-12T01:45:39.528+0000] {local_task_job_runner.py:234} INFO - Task exited with return code 0
[2025-06-12T01:45:39.565+0000] {taskinstance.py:3280} INFO - 1 downstream tasks scheduled from follow-on schedule check
