[2025-06-12T00:56:45.906+0000] {taskinstance.py:1956} INFO - Dependencies all met for dep_context=non-requeueable deps ti=<TaskInstance: dynamic_training_pipeline.create_folders scheduled__2025-03-05T15:00:00+00:00 [queued]>
[2025-06-12T00:56:45.913+0000] {taskinstance.py:1956} INFO - Dependencies all met for dep_context=requeueable deps ti=<TaskInstance: dynamic_training_pipeline.create_folders scheduled__2025-03-05T15:00:00+00:00 [queued]>
[2025-06-12T00:56:45.914+0000] {taskinstance.py:2170} INFO - Starting attempt 1 of 2
[2025-06-12T00:56:45.925+0000] {taskinstance.py:2191} INFO - Executing <Task(PythonOperator): create_folders> on 2025-03-05 15:00:00+00:00
[2025-06-12T00:56:45.929+0000] {standard_task_runner.py:60} INFO - Started process 309 to run task
[2025-06-12T00:56:45.932+0000] {standard_task_runner.py:87} INFO - Running: ['***', 'tasks', 'run', 'dynamic_training_pipeline', 'create_folders', 'scheduled__2025-03-05T15:00:00+00:00', '--job-id', '66', '--raw', '--subdir', 'DAGS_FOLDER/dag_dynamic.py', '--cfg-path', '/tmp/tmp56luk8bw']
[2025-06-12T00:56:45.934+0000] {standard_task_runner.py:88} INFO - Job 66: Subtask create_folders
[2025-06-12T00:56:45.964+0000] {task_command.py:423} INFO - Running <TaskInstance: dynamic_training_pipeline.create_folders scheduled__2025-03-05T15:00:00+00:00 [running]> on host 5b1df1b482e5
[2025-06-12T00:56:46.007+0000] {taskinstance.py:2480} INFO - Exporting env vars: AIRFLOW_CTX_DAG_OWNER='***' AIRFLOW_CTX_DAG_ID='dynamic_training_pipeline' AIRFLOW_CTX_TASK_ID='create_folders' AIRFLOW_CTX_EXECUTION_DATE='2025-03-05T15:00:00+00:00' AIRFLOW_CTX_TRY_NUMBER='1' AIRFLOW_CTX_DAG_RUN_ID='scheduled__2025-03-05T15:00:00+00:00'
[2025-06-12T00:56:46.009+0000] {python.py:201} INFO - Done. Returned value was: None
[2025-06-12T00:56:46.014+0000] {taskinstance.py:1138} INFO - Marking task as SUCCESS. dag_id=dynamic_training_pipeline, task_id=create_folders, execution_date=20250305T150000, start_date=20250612T005645, end_date=20250612T005646
[2025-06-12T00:56:46.030+0000] {local_task_job_runner.py:234} INFO - Task exited with return code 0
[2025-06-12T00:56:46.046+0000] {taskinstance.py:3280} INFO - 1 downstream tasks scheduled from follow-on schedule check
[2025-06-12T01:45:39.628+0000] {taskinstance.py:1956} INFO - Dependencies all met for dep_context=non-requeueable deps ti=<TaskInstance: dynamic_training_pipeline.create_folders scheduled__2025-03-05T15:00:00+00:00 [queued]>
[2025-06-12T01:45:39.637+0000] {taskinstance.py:1956} INFO - Dependencies all met for dep_context=requeueable deps ti=<TaskInstance: dynamic_training_pipeline.create_folders scheduled__2025-03-05T15:00:00+00:00 [queued]>
[2025-06-12T01:45:39.637+0000] {taskinstance.py:2170} INFO - Starting attempt 1 of 2
[2025-06-12T01:45:39.643+0000] {taskinstance.py:2191} INFO - Executing <Task(PythonOperator): create_folders> on 2025-03-05 15:00:00+00:00
[2025-06-12T01:45:39.647+0000] {standard_task_runner.py:60} INFO - Started process 310 to run task
[2025-06-12T01:45:39.648+0000] {standard_task_runner.py:87} INFO - Running: ['***', 'tasks', 'run', 'dynamic_training_pipeline', 'create_folders', 'scheduled__2025-03-05T15:00:00+00:00', '--job-id', '7', '--raw', '--subdir', 'DAGS_FOLDER/dag_dynamic.py', '--cfg-path', '/tmp/tmpmt0n6l52']
[2025-06-12T01:45:39.650+0000] {standard_task_runner.py:88} INFO - Job 7: Subtask create_folders
[2025-06-12T01:45:39.680+0000] {task_command.py:423} INFO - Running <TaskInstance: dynamic_training_pipeline.create_folders scheduled__2025-03-05T15:00:00+00:00 [running]> on host caffbd336f08
[2025-06-12T01:45:39.711+0000] {taskinstance.py:2480} INFO - Exporting env vars: AIRFLOW_CTX_DAG_OWNER='***' AIRFLOW_CTX_DAG_ID='dynamic_training_pipeline' AIRFLOW_CTX_TASK_ID='create_folders' AIRFLOW_CTX_EXECUTION_DATE='2025-03-05T15:00:00+00:00' AIRFLOW_CTX_TRY_NUMBER='1' AIRFLOW_CTX_DAG_RUN_ID='scheduled__2025-03-05T15:00:00+00:00'
[2025-06-12T01:45:39.712+0000] {python.py:201} INFO - Done. Returned value was: None
[2025-06-12T01:45:39.717+0000] {taskinstance.py:1138} INFO - Marking task as SUCCESS. dag_id=dynamic_training_pipeline, task_id=create_folders, execution_date=20250305T150000, start_date=20250612T014539, end_date=20250612T014539
[2025-06-12T01:45:39.747+0000] {local_task_job_runner.py:234} INFO - Task exited with return code 0
[2025-06-12T01:45:39.759+0000] {taskinstance.py:3280} INFO - 1 downstream tasks scheduled from follow-on schedule check
