[2025-06-11T02:23:02.409+0000] {taskinstance.py:1956} INFO - Dependencies all met for dep_context=non-requeueable deps ti=<TaskInstance: hiring_lineal.interfaz_gradio manual__2025-06-11T02:22:50.593251+00:00 [queued]>
[2025-06-11T02:23:02.412+0000] {taskinstance.py:1956} INFO - Dependencies all met for dep_context=requeueable deps ti=<TaskInstance: hiring_lineal.interfaz_gradio manual__2025-06-11T02:22:50.593251+00:00 [queued]>
[2025-06-11T02:23:02.412+0000] {taskinstance.py:2170} INFO - Starting attempt 1 of 1
[2025-06-11T02:23:02.415+0000] {taskinstance.py:2191} INFO - Executing <Task(PythonOperator): interfaz_gradio> on 2025-06-11 02:22:50.593251+00:00
[2025-06-11T02:23:02.418+0000] {standard_task_runner.py:60} INFO - Started process 543 to run task
[2025-06-11T02:23:02.420+0000] {standard_task_runner.py:87} INFO - Running: ['***', 'tasks', 'run', 'hiring_lineal', 'interfaz_gradio', 'manual__2025-06-11T02:22:50.593251+00:00', '--job-id', '6', '--raw', '--subdir', 'DAGS_FOLDER/dag_lineal.py', '--cfg-path', '/tmp/tmpuhug9px_']
[2025-06-11T02:23:02.421+0000] {standard_task_runner.py:88} INFO - Job 6: Subtask interfaz_gradio
[2025-06-11T02:23:02.436+0000] {task_command.py:423} INFO - Running <TaskInstance: hiring_lineal.interfaz_gradio manual__2025-06-11T02:22:50.593251+00:00 [running]> on host 09a1a616b5c9
[2025-06-11T02:23:02.457+0000] {taskinstance.py:2480} INFO - Exporting env vars: AIRFLOW_CTX_DAG_OWNER='***' AIRFLOW_CTX_DAG_ID='hiring_lineal' AIRFLOW_CTX_TASK_ID='interfaz_gradio' AIRFLOW_CTX_EXECUTION_DATE='2025-06-11T02:22:50.593251+00:00' AIRFLOW_CTX_TRY_NUMBER='1' AIRFLOW_CTX_DAG_RUN_ID='manual__2025-06-11T02:22:50.593251+00:00'
[2025-06-11T02:23:02.594+0000] {logging_mixin.py:188} INFO - * Running on local URL:  http://127.0.0.1:7860
[2025-06-11T02:23:02.608+0000] {_client.py:1025} INFO - HTTP Request: GET http://127.0.0.1:7860/gradio_api/startup-events "HTTP/1.1 200 OK"
[2025-06-11T02:23:02.623+0000] {_client.py:1025} INFO - HTTP Request: HEAD http://127.0.0.1:7860/ "HTTP/1.1 200 OK"
[2025-06-11T02:23:02.624+0000] {logging_mixin.py:188} INFO - * To create a public link, set `share=True` in `launch()`.
[2025-06-11T02:23:03.481+0000] {_client.py:1025} INFO - HTTP Request: GET https://api.gradio.app/pkg-version "HTTP/1.1 200 OK"
[2025-06-11T02:43:50.888+0000] {local_task_job_runner.py:121} ERROR - Received SIGTERM. Terminating subprocesses
[2025-06-11T02:43:50.910+0000] {process_utils.py:131} INFO - Sending 15 to group 543. PIDs of all processes in the group: [543]
[2025-06-11T02:43:50.918+0000] {process_utils.py:86} INFO - Sending the signal 15 to group 543
[2025-06-11T02:43:50.924+0000] {taskinstance.py:2450} ERROR - Received SIGTERM. Terminating subprocesses.
[2025-06-11T02:43:50.975+0000] {taskinstance.py:2698} ERROR - Task failed with exception
Traceback (most recent call last):
  File "/home/airflow/.local/lib/python3.10/site-packages/airflow/models/taskinstance.py", line 433, in _execute_task
    result = execute_callable(context=context, **execute_callable_kwargs)
  File "/home/airflow/.local/lib/python3.10/site-packages/airflow/operators/python.py", line 199, in execute
    return_value = self.execute_callable()
  File "/home/airflow/.local/lib/python3.10/site-packages/airflow/operators/python.py", line 216, in execute_callable
    return self.python_callable(*self.op_args, **self.op_kwargs)
  File "/opt/airflow/dags/hiring_functions.py", line 114, in gradio_interface
    ).launch(share=True)
  File "/home/airflow/.local/lib/python3.10/site-packages/gradio/blocks.py", line 2996, in launch
    self.block_thread()
  File "/home/airflow/.local/lib/python3.10/site-packages/gradio/blocks.py", line 3090, in block_thread
    time.sleep(0.1)
  File "/home/airflow/.local/lib/python3.10/site-packages/airflow/models/taskinstance.py", line 2452, in signal_handler
    raise AirflowException("Task received SIGTERM signal")
airflow.exceptions.AirflowException: Task received SIGTERM signal
[2025-06-11T02:43:50.980+0000] {taskinstance.py:1138} INFO - Marking task as FAILED. dag_id=hiring_lineal, task_id=interfaz_gradio, execution_date=20250611T022250, start_date=20250611T022302, end_date=20250611T024350
[2025-06-11T02:43:50.996+0000] {standard_task_runner.py:107} ERROR - Failed to execute job 6 for task interfaz_gradio (Task received SIGTERM signal; 543)
[2025-06-11T02:43:51.020+0000] {process_utils.py:79} INFO - Process psutil.Process(pid=543, status='terminated', exitcode=1, started='02:23:02') (543) terminated with exit code 1
[2025-06-11T02:43:51.021+0000] {local_task_job_runner.py:234} INFO - Task exited with return code 143
[2025-06-11T02:43:51.037+0000] {taskinstance.py:3280} INFO - 0 downstream tasks scheduled from follow-on schedule check
