[2025-06-12T00:56:47.244+0000] {taskinstance.py:1956} INFO - Dependencies all met for dep_context=non-requeueable deps ti=<TaskInstance: dynamic_training_pipeline.branching_logic scheduled__2025-03-05T15:00:00+00:00 [queued]>
[2025-06-12T00:56:47.251+0000] {taskinstance.py:1956} INFO - Dependencies all met for dep_context=requeueable deps ti=<TaskInstance: dynamic_training_pipeline.branching_logic scheduled__2025-03-05T15:00:00+00:00 [queued]>
[2025-06-12T00:56:47.252+0000] {taskinstance.py:2170} INFO - Starting attempt 1 of 2
[2025-06-12T00:56:47.264+0000] {taskinstance.py:2191} INFO - Executing <Task(BranchPythonOperator): branching_logic> on 2025-03-05 15:00:00+00:00
[2025-06-12T00:56:47.271+0000] {standard_task_runner.py:60} INFO - Started process 403 to run task
[2025-06-12T00:56:47.275+0000] {standard_task_runner.py:87} INFO - Running: ['***', 'tasks', 'run', 'dynamic_training_pipeline', 'branching_logic', 'scheduled__2025-03-05T15:00:00+00:00', '--job-id', '70', '--raw', '--subdir', 'DAGS_FOLDER/dag_dynamic.py', '--cfg-path', '/tmp/tmp23sw1tn8']
[2025-06-12T00:56:47.279+0000] {standard_task_runner.py:88} INFO - Job 70: Subtask branching_logic
[2025-06-12T00:56:47.385+0000] {task_command.py:423} INFO - Running <TaskInstance: dynamic_training_pipeline.branching_logic scheduled__2025-03-05T15:00:00+00:00 [running]> on host 5b1df1b482e5
[2025-06-12T00:56:47.472+0000] {taskinstance.py:2480} INFO - Exporting env vars: AIRFLOW_CTX_DAG_OWNER='***' AIRFLOW_CTX_DAG_ID='dynamic_training_pipeline' AIRFLOW_CTX_TASK_ID='branching_logic' AIRFLOW_CTX_EXECUTION_DATE='2025-03-05T15:00:00+00:00' AIRFLOW_CTX_TRY_NUMBER='1' AIRFLOW_CTX_DAG_RUN_ID='scheduled__2025-03-05T15:00:00+00:00'
[2025-06-12T00:56:47.474+0000] {logging_mixin.py:188} WARNING - /home/***/.local/lib/python3.10/site-packages/***/utils/context.py:315 AirflowContextDeprecationWarning: Accessing 'execution_date' from the template is deprecated and will be removed in a future version. Please use 'data_interval_start' or 'logical_date' instead.
[2025-06-12T00:56:47.474+0000] {taskinstance.py:2698} ERROR - Task failed with exception
Traceback (most recent call last):
  File "/home/airflow/.local/lib/python3.10/site-packages/airflow/models/taskinstance.py", line 433, in _execute_task
    result = execute_callable(context=context, **execute_callable_kwargs)
  File "/home/airflow/.local/lib/python3.10/site-packages/airflow/operators/python.py", line 233, in execute
    return self.do_branch(context, super().execute(context))
  File "/home/airflow/.local/lib/python3.10/site-packages/airflow/operators/python.py", line 199, in execute
    return_value = self.execute_callable()
  File "/home/airflow/.local/lib/python3.10/site-packages/airflow/operators/python.py", line 216, in execute_callable
    return self.python_callable(*self.op_args, **self.op_kwargs)
  File "/opt/airflow/dags/dag_dynamic.py", line 43, in choose_branch
    if execution_date < cutoff_date:
TypeError: can't compare offset-naive and offset-aware datetimes
[2025-06-12T00:56:47.480+0000] {taskinstance.py:1138} INFO - Marking task as UP_FOR_RETRY. dag_id=dynamic_training_pipeline, task_id=branching_logic, execution_date=20250305T150000, start_date=20250612T005647, end_date=20250612T005647
[2025-06-12T00:56:47.488+0000] {standard_task_runner.py:107} ERROR - Failed to execute job 70 for task branching_logic (can't compare offset-naive and offset-aware datetimes; 403)
[2025-06-12T00:56:47.502+0000] {local_task_job_runner.py:234} INFO - Task exited with return code 1
[2025-06-12T00:56:47.516+0000] {taskinstance.py:3280} INFO - 0 downstream tasks scheduled from follow-on schedule check
[2025-06-12T01:45:40.990+0000] {taskinstance.py:1956} INFO - Dependencies all met for dep_context=non-requeueable deps ti=<TaskInstance: dynamic_training_pipeline.branching_logic scheduled__2025-03-05T15:00:00+00:00 [queued]>
[2025-06-12T01:45:40.997+0000] {taskinstance.py:1956} INFO - Dependencies all met for dep_context=requeueable deps ti=<TaskInstance: dynamic_training_pipeline.branching_logic scheduled__2025-03-05T15:00:00+00:00 [queued]>
[2025-06-12T01:45:40.997+0000] {taskinstance.py:2170} INFO - Starting attempt 1 of 2
[2025-06-12T01:45:41.006+0000] {taskinstance.py:2191} INFO - Executing <Task(BranchPythonOperator): branching_logic> on 2025-03-05 15:00:00+00:00
[2025-06-12T01:45:41.013+0000] {standard_task_runner.py:60} INFO - Started process 408 to run task
[2025-06-12T01:45:41.054+0000] {standard_task_runner.py:87} INFO - Running: ['***', 'tasks', 'run', 'dynamic_training_pipeline', 'branching_logic', 'scheduled__2025-03-05T15:00:00+00:00', '--job-id', '17', '--raw', '--subdir', 'DAGS_FOLDER/dag_dynamic.py', '--cfg-path', '/tmp/tmphrmaz3ys']
[2025-06-12T01:45:41.057+0000] {standard_task_runner.py:88} INFO - Job 17: Subtask branching_logic
[2025-06-12T01:45:41.153+0000] {task_command.py:423} INFO - Running <TaskInstance: dynamic_training_pipeline.branching_logic scheduled__2025-03-05T15:00:00+00:00 [running]> on host caffbd336f08
[2025-06-12T01:45:41.231+0000] {taskinstance.py:2480} INFO - Exporting env vars: AIRFLOW_CTX_DAG_OWNER='***' AIRFLOW_CTX_DAG_ID='dynamic_training_pipeline' AIRFLOW_CTX_TASK_ID='branching_logic' AIRFLOW_CTX_EXECUTION_DATE='2025-03-05T15:00:00+00:00' AIRFLOW_CTX_TRY_NUMBER='1' AIRFLOW_CTX_DAG_RUN_ID='scheduled__2025-03-05T15:00:00+00:00'
[2025-06-12T01:45:41.234+0000] {logging_mixin.py:188} WARNING - /home/***/.local/lib/python3.10/site-packages/***/utils/context.py:315 AirflowContextDeprecationWarning: Accessing 'execution_date' from the template is deprecated and will be removed in a future version. Please use 'data_interval_start' or 'logical_date' instead.
[2025-06-12T01:45:41.235+0000] {logging_mixin.py:188} INFO - [branching_logic] Execution date: 2025-03-05 15:00:00+00:00 | Cutoff: 2024-11-01 00:00:00+00:00
[2025-06-12T01:45:41.235+0000] {python.py:201} INFO - Done. Returned value was: download_data_1_and_2
[2025-06-12T01:45:41.236+0000] {branch.py:35} INFO - Branch into download_data_1_and_2
[2025-06-12T01:45:41.237+0000] {skipmixin.py:178} INFO - Following branch download_data_1_and_2
[2025-06-12T01:45:41.248+0000] {skipmixin.py:244} INFO - Skipping tasks [('download_data_1', -1)]
[2025-06-12T01:45:41.275+0000] {taskinstance.py:1138} INFO - Marking task as SUCCESS. dag_id=dynamic_training_pipeline, task_id=branching_logic, execution_date=20250305T150000, start_date=20250612T014540, end_date=20250612T014541
[2025-06-12T01:45:41.320+0000] {local_task_job_runner.py:234} INFO - Task exited with return code 0
[2025-06-12T01:45:41.340+0000] {taskinstance.py:3280} INFO - 1 downstream tasks scheduled from follow-on schedule check
