[2025-06-12T01:50:53.735+0000] {taskinstance.py:1956} INFO - Dependencies all met for dep_context=non-requeueable deps ti=<TaskInstance: dynamic_training_pipeline.train_xgboost scheduled__2024-12-05T15:00:00+00:00 [queued]>
[2025-06-12T01:50:53.740+0000] {taskinstance.py:1956} INFO - Dependencies all met for dep_context=requeueable deps ti=<TaskInstance: dynamic_training_pipeline.train_xgboost scheduled__2024-12-05T15:00:00+00:00 [queued]>
[2025-06-12T01:50:53.744+0000] {taskinstance.py:2170} INFO - Starting attempt 2 of 2
[2025-06-12T01:50:53.795+0000] {taskinstance.py:2191} INFO - Executing <Task(PythonOperator): train_xgboost> on 2024-12-05 15:00:00+00:00
[2025-06-12T01:50:53.801+0000] {standard_task_runner.py:60} INFO - Started process 1492 to run task
[2025-06-12T01:50:53.811+0000] {standard_task_runner.py:87} INFO - Running: ['***', 'tasks', 'run', 'dynamic_training_pipeline', 'train_xgboost', 'scheduled__2024-12-05T15:00:00+00:00', '--job-id', '74', '--raw', '--subdir', 'DAGS_FOLDER/dag_dynamic.py', '--cfg-path', '/tmp/tmpjmfvki0y']
[2025-06-12T01:50:53.815+0000] {standard_task_runner.py:88} INFO - Job 74: Subtask train_xgboost
[2025-06-12T01:50:53.887+0000] {task_command.py:423} INFO - Running <TaskInstance: dynamic_training_pipeline.train_xgboost scheduled__2024-12-05T15:00:00+00:00 [running]> on host caffbd336f08
[2025-06-12T01:50:53.969+0000] {taskinstance.py:2480} INFO - Exporting env vars: AIRFLOW_CTX_DAG_OWNER='***' AIRFLOW_CTX_DAG_ID='dynamic_training_pipeline' AIRFLOW_CTX_TASK_ID='train_xgboost' AIRFLOW_CTX_EXECUTION_DATE='2024-12-05T15:00:00+00:00' AIRFLOW_CTX_TRY_NUMBER='2' AIRFLOW_CTX_DAG_RUN_ID='scheduled__2024-12-05T15:00:00+00:00'
[2025-06-12T01:50:53.975+0000] {taskinstance.py:2698} ERROR - Task failed with exception
Traceback (most recent call last):
  File "/home/airflow/.local/lib/python3.10/site-packages/airflow/models/taskinstance.py", line 433, in _execute_task
    result = execute_callable(context=context, **execute_callable_kwargs)
  File "/home/airflow/.local/lib/python3.10/site-packages/airflow/operators/python.py", line 199, in execute
    return_value = self.execute_callable()
  File "/home/airflow/.local/lib/python3.10/site-packages/airflow/operators/python.py", line 216, in execute_callable
    return self.python_callable(*self.op_args, **self.op_kwargs)
  File "/opt/airflow/dags/hiring_dynamic_functions.py", line 112, in train_model
    raise FileNotFoundError(f"train.html no encontrado en: {train_html}")
FileNotFoundError: train.html no encontrado en: /opt/***/dags/2024-12-05/splits/train.html
[2025-06-12T01:50:53.987+0000] {taskinstance.py:1138} INFO - Marking task as FAILED. dag_id=dynamic_training_pipeline, task_id=train_xgboost, execution_date=20241205T150000, start_date=20250612T015053, end_date=20250612T015053
[2025-06-12T01:50:53.996+0000] {standard_task_runner.py:107} ERROR - Failed to execute job 74 for task train_xgboost (train.html no encontrado en: /opt/***/dags/2024-12-05/splits/train.html; 1492)
[2025-06-12T01:50:54.028+0000] {local_task_job_runner.py:234} INFO - Task exited with return code 1
[2025-06-12T01:50:54.053+0000] {taskinstance.py:3280} INFO - 0 downstream tasks scheduled from follow-on schedule check
