[2025-06-12T00:56:45.423+0000] {taskinstance.py:1956} INFO - Dependencies all met for dep_context=non-requeueable deps ti=<TaskInstance: dynamic_training_pipeline.create_folders scheduled__2024-11-05T15:00:00+00:00 [queued]>
[2025-06-12T00:56:45.445+0000] {taskinstance.py:1956} INFO - Dependencies all met for dep_context=requeueable deps ti=<TaskInstance: dynamic_training_pipeline.create_folders scheduled__2024-11-05T15:00:00+00:00 [queued]>
[2025-06-12T00:56:45.445+0000] {taskinstance.py:2170} INFO - Starting attempt 1 of 2
[2025-06-12T00:56:45.472+0000] {taskinstance.py:2191} INFO - Executing <Task(PythonOperator): create_folders> on 2024-11-05 15:00:00+00:00
[2025-06-12T00:56:45.485+0000] {standard_task_runner.py:87} INFO - Running: ['***', 'tasks', 'run', 'dynamic_training_pipeline', 'create_folders', 'scheduled__2024-11-05T15:00:00+00:00', '--job-id', '61', '--raw', '--subdir', 'DAGS_FOLDER/dag_dynamic.py', '--cfg-path', '/tmp/tmp8v3sa5vc']
[2025-06-12T00:56:45.481+0000] {standard_task_runner.py:60} INFO - Started process 296 to run task
[2025-06-12T00:56:45.487+0000] {standard_task_runner.py:88} INFO - Job 61: Subtask create_folders
[2025-06-12T00:56:45.544+0000] {task_command.py:423} INFO - Running <TaskInstance: dynamic_training_pipeline.create_folders scheduled__2024-11-05T15:00:00+00:00 [running]> on host 5b1df1b482e5
[2025-06-12T00:56:45.658+0000] {taskinstance.py:2480} INFO - Exporting env vars: AIRFLOW_CTX_DAG_OWNER='***' AIRFLOW_CTX_DAG_ID='dynamic_training_pipeline' AIRFLOW_CTX_TASK_ID='create_folders' AIRFLOW_CTX_EXECUTION_DATE='2024-11-05T15:00:00+00:00' AIRFLOW_CTX_TRY_NUMBER='1' AIRFLOW_CTX_DAG_RUN_ID='scheduled__2024-11-05T15:00:00+00:00'
[2025-06-12T00:56:45.662+0000] {python.py:201} INFO - Done. Returned value was: None
[2025-06-12T00:56:45.674+0000] {taskinstance.py:1138} INFO - Marking task as SUCCESS. dag_id=dynamic_training_pipeline, task_id=create_folders, execution_date=20241105T150000, start_date=20250612T005645, end_date=20250612T005645
[2025-06-12T00:56:45.716+0000] {local_task_job_runner.py:234} INFO - Task exited with return code 0
[2025-06-12T00:56:45.738+0000] {taskinstance.py:3280} INFO - 1 downstream tasks scheduled from follow-on schedule check
[2025-06-12T01:45:39.243+0000] {taskinstance.py:1956} INFO - Dependencies all met for dep_context=non-requeueable deps ti=<TaskInstance: dynamic_training_pipeline.create_folders scheduled__2024-11-05T15:00:00+00:00 [queued]>
[2025-06-12T01:45:39.261+0000] {taskinstance.py:1956} INFO - Dependencies all met for dep_context=requeueable deps ti=<TaskInstance: dynamic_training_pipeline.create_folders scheduled__2024-11-05T15:00:00+00:00 [queued]>
[2025-06-12T01:45:39.261+0000] {taskinstance.py:2170} INFO - Starting attempt 1 of 2
[2025-06-12T01:45:39.282+0000] {taskinstance.py:2191} INFO - Executing <Task(PythonOperator): create_folders> on 2024-11-05 15:00:00+00:00
[2025-06-12T01:45:39.305+0000] {standard_task_runner.py:60} INFO - Started process 297 to run task
[2025-06-12T01:45:39.313+0000] {standard_task_runner.py:87} INFO - Running: ['***', 'tasks', 'run', 'dynamic_training_pipeline', 'create_folders', 'scheduled__2024-11-05T15:00:00+00:00', '--job-id', '3', '--raw', '--subdir', 'DAGS_FOLDER/dag_dynamic.py', '--cfg-path', '/tmp/tmpkttyzxen']
[2025-06-12T01:45:39.319+0000] {standard_task_runner.py:88} INFO - Job 3: Subtask create_folders
[2025-06-12T01:45:39.378+0000] {task_command.py:423} INFO - Running <TaskInstance: dynamic_training_pipeline.create_folders scheduled__2024-11-05T15:00:00+00:00 [running]> on host caffbd336f08
[2025-06-12T01:45:39.463+0000] {taskinstance.py:2480} INFO - Exporting env vars: AIRFLOW_CTX_DAG_OWNER='***' AIRFLOW_CTX_DAG_ID='dynamic_training_pipeline' AIRFLOW_CTX_TASK_ID='create_folders' AIRFLOW_CTX_EXECUTION_DATE='2024-11-05T15:00:00+00:00' AIRFLOW_CTX_TRY_NUMBER='1' AIRFLOW_CTX_DAG_RUN_ID='scheduled__2024-11-05T15:00:00+00:00'
[2025-06-12T01:45:39.469+0000] {python.py:201} INFO - Done. Returned value was: None
[2025-06-12T01:45:39.477+0000] {taskinstance.py:1138} INFO - Marking task as SUCCESS. dag_id=dynamic_training_pipeline, task_id=create_folders, execution_date=20241105T150000, start_date=20250612T014539, end_date=20250612T014539
[2025-06-12T01:45:39.535+0000] {local_task_job_runner.py:234} INFO - Task exited with return code 0
[2025-06-12T01:45:39.569+0000] {taskinstance.py:3280} INFO - 1 downstream tasks scheduled from follow-on schedule check
