[2025-06-12T00:56:45.903+0000] {taskinstance.py:1956} INFO - Dependencies all met for dep_context=non-requeueable deps ti=<TaskInstance: dynamic_training_pipeline.create_folders scheduled__2025-02-05T15:00:00+00:00 [queued]>
[2025-06-12T00:56:45.913+0000] {taskinstance.py:1956} INFO - Dependencies all met for dep_context=requeueable deps ti=<TaskInstance: dynamic_training_pipeline.create_folders scheduled__2025-02-05T15:00:00+00:00 [queued]>
[2025-06-12T00:56:45.914+0000] {taskinstance.py:2170} INFO - Starting attempt 1 of 2
[2025-06-12T00:56:45.926+0000] {taskinstance.py:2191} INFO - Executing <Task(PythonOperator): create_folders> on 2025-02-05 15:00:00+00:00
[2025-06-12T00:56:45.931+0000] {standard_task_runner.py:60} INFO - Started process 310 to run task
[2025-06-12T00:56:45.933+0000] {standard_task_runner.py:87} INFO - Running: ['***', 'tasks', 'run', 'dynamic_training_pipeline', 'create_folders', 'scheduled__2025-02-05T15:00:00+00:00', '--job-id', '65', '--raw', '--subdir', 'DAGS_FOLDER/dag_dynamic.py', '--cfg-path', '/tmp/tmp575y1k78']
[2025-06-12T00:56:45.935+0000] {standard_task_runner.py:88} INFO - Job 65: Subtask create_folders
[2025-06-12T00:56:45.965+0000] {task_command.py:423} INFO - Running <TaskInstance: dynamic_training_pipeline.create_folders scheduled__2025-02-05T15:00:00+00:00 [running]> on host 5b1df1b482e5
[2025-06-12T00:56:46.003+0000] {taskinstance.py:2480} INFO - Exporting env vars: AIRFLOW_CTX_DAG_OWNER='***' AIRFLOW_CTX_DAG_ID='dynamic_training_pipeline' AIRFLOW_CTX_TASK_ID='create_folders' AIRFLOW_CTX_EXECUTION_DATE='2025-02-05T15:00:00+00:00' AIRFLOW_CTX_TRY_NUMBER='1' AIRFLOW_CTX_DAG_RUN_ID='scheduled__2025-02-05T15:00:00+00:00'
[2025-06-12T00:56:46.005+0000] {python.py:201} INFO - Done. Returned value was: None
[2025-06-12T00:56:46.010+0000] {taskinstance.py:1138} INFO - Marking task as SUCCESS. dag_id=dynamic_training_pipeline, task_id=create_folders, execution_date=20250205T150000, start_date=20250612T005645, end_date=20250612T005646
[2025-06-12T00:56:46.030+0000] {local_task_job_runner.py:234} INFO - Task exited with return code 0
[2025-06-12T00:56:46.045+0000] {taskinstance.py:3280} INFO - 1 downstream tasks scheduled from follow-on schedule check
[2025-06-12T01:45:39.578+0000] {taskinstance.py:1956} INFO - Dependencies all met for dep_context=non-requeueable deps ti=<TaskInstance: dynamic_training_pipeline.create_folders scheduled__2025-02-05T15:00:00+00:00 [queued]>
[2025-06-12T01:45:39.584+0000] {taskinstance.py:1956} INFO - Dependencies all met for dep_context=requeueable deps ti=<TaskInstance: dynamic_training_pipeline.create_folders scheduled__2025-02-05T15:00:00+00:00 [queued]>
[2025-06-12T01:45:39.584+0000] {taskinstance.py:2170} INFO - Starting attempt 1 of 2
[2025-06-12T01:45:39.591+0000] {taskinstance.py:2191} INFO - Executing <Task(PythonOperator): create_folders> on 2025-02-05 15:00:00+00:00
[2025-06-12T01:45:39.595+0000] {standard_task_runner.py:60} INFO - Started process 309 to run task
[2025-06-12T01:45:39.598+0000] {standard_task_runner.py:87} INFO - Running: ['***', 'tasks', 'run', 'dynamic_training_pipeline', 'create_folders', 'scheduled__2025-02-05T15:00:00+00:00', '--job-id', '6', '--raw', '--subdir', 'DAGS_FOLDER/dag_dynamic.py', '--cfg-path', '/tmp/tmps0nepap1']
[2025-06-12T01:45:39.600+0000] {standard_task_runner.py:88} INFO - Job 6: Subtask create_folders
[2025-06-12T01:45:39.634+0000] {task_command.py:423} INFO - Running <TaskInstance: dynamic_training_pipeline.create_folders scheduled__2025-02-05T15:00:00+00:00 [running]> on host caffbd336f08
[2025-06-12T01:45:39.667+0000] {taskinstance.py:2480} INFO - Exporting env vars: AIRFLOW_CTX_DAG_OWNER='***' AIRFLOW_CTX_DAG_ID='dynamic_training_pipeline' AIRFLOW_CTX_TASK_ID='create_folders' AIRFLOW_CTX_EXECUTION_DATE='2025-02-05T15:00:00+00:00' AIRFLOW_CTX_TRY_NUMBER='1' AIRFLOW_CTX_DAG_RUN_ID='scheduled__2025-02-05T15:00:00+00:00'
[2025-06-12T01:45:39.669+0000] {python.py:201} INFO - Done. Returned value was: None
[2025-06-12T01:45:39.676+0000] {taskinstance.py:1138} INFO - Marking task as SUCCESS. dag_id=dynamic_training_pipeline, task_id=create_folders, execution_date=20250205T150000, start_date=20250612T014539, end_date=20250612T014539
[2025-06-12T01:45:39.698+0000] {local_task_job_runner.py:234} INFO - Task exited with return code 0
[2025-06-12T01:45:39.712+0000] {taskinstance.py:3280} INFO - 1 downstream tasks scheduled from follow-on schedule check
