[2025-06-11T03:21:28.931+0000] {taskinstance.py:1956} INFO - Dependencies all met for dep_context=non-requeueable deps ti=<TaskInstance: hiring_lineal.interfaz_gradio manual__2025-06-11T03:21:19.481538+00:00 [queued]>
[2025-06-11T03:21:28.933+0000] {taskinstance.py:1956} INFO - Dependencies all met for dep_context=requeueable deps ti=<TaskInstance: hiring_lineal.interfaz_gradio manual__2025-06-11T03:21:19.481538+00:00 [queued]>
[2025-06-11T03:21:28.934+0000] {taskinstance.py:2170} INFO - Starting attempt 1 of 1
[2025-06-11T03:21:28.937+0000] {taskinstance.py:2191} INFO - Executing <Task(PythonOperator): interfaz_gradio> on 2025-06-11 03:21:19.481538+00:00
[2025-06-11T03:21:28.940+0000] {standard_task_runner.py:60} INFO - Started process 269 to run task
[2025-06-11T03:21:28.942+0000] {standard_task_runner.py:87} INFO - Running: ['***', 'tasks', 'run', 'hiring_lineal', 'interfaz_gradio', 'manual__2025-06-11T03:21:19.481538+00:00', '--job-id', '53', '--raw', '--subdir', 'DAGS_FOLDER/dag_lineal.py', '--cfg-path', '/tmp/tmpgo_jfhmj']
[2025-06-11T03:21:28.942+0000] {standard_task_runner.py:88} INFO - Job 53: Subtask interfaz_gradio
[2025-06-11T03:21:28.958+0000] {task_command.py:423} INFO - Running <TaskInstance: hiring_lineal.interfaz_gradio manual__2025-06-11T03:21:19.481538+00:00 [running]> on host f219cb04d4ab
[2025-06-11T03:21:28.981+0000] {taskinstance.py:2480} INFO - Exporting env vars: AIRFLOW_CTX_DAG_OWNER='***' AIRFLOW_CTX_DAG_ID='hiring_lineal' AIRFLOW_CTX_TASK_ID='interfaz_gradio' AIRFLOW_CTX_EXECUTION_DATE='2025-06-11T03:21:19.481538+00:00' AIRFLOW_CTX_TRY_NUMBER='1' AIRFLOW_CTX_DAG_RUN_ID='manual__2025-06-11T03:21:19.481538+00:00'
[2025-06-11T03:21:29.161+0000] {logging_mixin.py:188} INFO - Running on local URL:  http://0.0.0.0:7860
[2025-06-11T03:21:30.372+0000] {logging_mixin.py:188} INFO - IMPORTANT: You are using gradio version 3.50.2, however version 4.44.1 is available, please upgrade.
[2025-06-11T03:21:30.374+0000] {logging_mixin.py:188} INFO - --------
[2025-06-11T03:21:31.375+0000] {logging_mixin.py:188} INFO - 
To create a public link, set `share=True` in `launch()`.
[2025-06-11T03:25:02.077+0000] {local_task_job_runner.py:121} ERROR - Received SIGTERM. Terminating subprocesses
[2025-06-11T03:25:02.102+0000] {process_utils.py:131} INFO - Sending 15 to group 269. PIDs of all processes in the group: [269]
[2025-06-11T03:25:02.103+0000] {process_utils.py:86} INFO - Sending the signal 15 to group 269
[2025-06-11T03:25:02.108+0000] {taskinstance.py:2450} ERROR - Received SIGTERM. Terminating subprocesses.
[2025-06-11T03:25:02.161+0000] {taskinstance.py:2698} ERROR - Task failed with exception
Traceback (most recent call last):
  File "/home/airflow/.local/lib/python3.10/site-packages/airflow/models/taskinstance.py", line 433, in _execute_task
    result = execute_callable(context=context, **execute_callable_kwargs)
  File "/home/airflow/.local/lib/python3.10/site-packages/airflow/operators/python.py", line 199, in execute
    return_value = self.execute_callable()
  File "/home/airflow/.local/lib/python3.10/site-packages/airflow/operators/python.py", line 216, in execute_callable
    return self.python_callable(*self.op_args, **self.op_kwargs)
  File "/opt/airflow/dags/hiring_functions.py", line 98, in gradio_interface
    gr.Interface(
  File "/home/airflow/.local/lib/python3.10/site-packages/gradio/blocks.py", line 2266, in launch
    self.block_thread()
  File "/home/airflow/.local/lib/python3.10/site-packages/gradio/blocks.py", line 2361, in block_thread
    time.sleep(0.1)
  File "/home/airflow/.local/lib/python3.10/site-packages/airflow/models/taskinstance.py", line 2452, in signal_handler
    raise AirflowException("Task received SIGTERM signal")
airflow.exceptions.AirflowException: Task received SIGTERM signal
[2025-06-11T03:25:02.167+0000] {taskinstance.py:1138} INFO - Marking task as FAILED. dag_id=hiring_lineal, task_id=interfaz_gradio, execution_date=20250611T032119, start_date=20250611T032128, end_date=20250611T032502
[2025-06-11T03:25:02.183+0000] {standard_task_runner.py:107} ERROR - Failed to execute job 53 for task interfaz_gradio (Task received SIGTERM signal; 269)
[2025-06-11T03:25:02.203+0000] {process_utils.py:79} INFO - Process psutil.Process(pid=269, status='terminated', exitcode=1, started='03:21:28') (269) terminated with exit code 1
[2025-06-11T03:25:02.205+0000] {local_task_job_runner.py:234} INFO - Task exited with return code 143
[2025-06-11T03:25:02.229+0000] {taskinstance.py:3280} INFO - 0 downstream tasks scheduled from follow-on schedule check
