[2025-06-12T00:56:45.808+0000] {taskinstance.py:1956} INFO - Dependencies all met for dep_context=non-requeueable deps ti=<TaskInstance: dynamic_training_pipeline.create_folders scheduled__2025-01-05T15:00:00+00:00 [queued]>
[2025-06-12T00:56:45.815+0000] {taskinstance.py:1956} INFO - Dependencies all met for dep_context=requeueable deps ti=<TaskInstance: dynamic_training_pipeline.create_folders scheduled__2025-01-05T15:00:00+00:00 [queued]>
[2025-06-12T00:56:45.816+0000] {taskinstance.py:2170} INFO - Starting attempt 1 of 2
[2025-06-12T00:56:45.825+0000] {taskinstance.py:2191} INFO - Executing <Task(PythonOperator): create_folders> on 2025-01-05 15:00:00+00:00
[2025-06-12T00:56:45.829+0000] {standard_task_runner.py:60} INFO - Started process 308 to run task
[2025-06-12T00:56:45.832+0000] {standard_task_runner.py:87} INFO - Running: ['***', 'tasks', 'run', 'dynamic_training_pipeline', 'create_folders', 'scheduled__2025-01-05T15:00:00+00:00', '--job-id', '64', '--raw', '--subdir', 'DAGS_FOLDER/dag_dynamic.py', '--cfg-path', '/tmp/tmp0gbhwqbm']
[2025-06-12T00:56:45.835+0000] {standard_task_runner.py:88} INFO - Job 64: Subtask create_folders
[2025-06-12T00:56:45.880+0000] {task_command.py:423} INFO - Running <TaskInstance: dynamic_training_pipeline.create_folders scheduled__2025-01-05T15:00:00+00:00 [running]> on host 5b1df1b482e5
[2025-06-12T00:56:45.956+0000] {taskinstance.py:2480} INFO - Exporting env vars: AIRFLOW_CTX_DAG_OWNER='***' AIRFLOW_CTX_DAG_ID='dynamic_training_pipeline' AIRFLOW_CTX_TASK_ID='create_folders' AIRFLOW_CTX_EXECUTION_DATE='2025-01-05T15:00:00+00:00' AIRFLOW_CTX_TRY_NUMBER='1' AIRFLOW_CTX_DAG_RUN_ID='scheduled__2025-01-05T15:00:00+00:00'
[2025-06-12T00:56:45.963+0000] {python.py:201} INFO - Done. Returned value was: None
[2025-06-12T00:56:45.970+0000] {taskinstance.py:1138} INFO - Marking task as SUCCESS. dag_id=dynamic_training_pipeline, task_id=create_folders, execution_date=20250105T150000, start_date=20250612T005645, end_date=20250612T005645
[2025-06-12T00:56:46.012+0000] {local_task_job_runner.py:234} INFO - Task exited with return code 0
[2025-06-12T00:56:46.028+0000] {taskinstance.py:3280} INFO - 1 downstream tasks scheduled from follow-on schedule check
[2025-06-12T01:45:39.508+0000] {taskinstance.py:1956} INFO - Dependencies all met for dep_context=non-requeueable deps ti=<TaskInstance: dynamic_training_pipeline.create_folders scheduled__2025-01-05T15:00:00+00:00 [queued]>
[2025-06-12T01:45:39.512+0000] {taskinstance.py:1956} INFO - Dependencies all met for dep_context=requeueable deps ti=<TaskInstance: dynamic_training_pipeline.create_folders scheduled__2025-01-05T15:00:00+00:00 [queued]>
[2025-06-12T01:45:39.513+0000] {taskinstance.py:2170} INFO - Starting attempt 1 of 2
[2025-06-12T01:45:39.520+0000] {taskinstance.py:2191} INFO - Executing <Task(PythonOperator): create_folders> on 2025-01-05 15:00:00+00:00
[2025-06-12T01:45:39.526+0000] {standard_task_runner.py:60} INFO - Started process 308 to run task
[2025-06-12T01:45:39.529+0000] {standard_task_runner.py:87} INFO - Running: ['***', 'tasks', 'run', 'dynamic_training_pipeline', 'create_folders', 'scheduled__2025-01-05T15:00:00+00:00', '--job-id', '5', '--raw', '--subdir', 'DAGS_FOLDER/dag_dynamic.py', '--cfg-path', '/tmp/tmpr9ymn3os']
[2025-06-12T01:45:39.532+0000] {standard_task_runner.py:88} INFO - Job 5: Subtask create_folders
[2025-06-12T01:45:39.574+0000] {task_command.py:423} INFO - Running <TaskInstance: dynamic_training_pipeline.create_folders scheduled__2025-01-05T15:00:00+00:00 [running]> on host caffbd336f08
[2025-06-12T01:45:39.624+0000] {taskinstance.py:2480} INFO - Exporting env vars: AIRFLOW_CTX_DAG_OWNER='***' AIRFLOW_CTX_DAG_ID='dynamic_training_pipeline' AIRFLOW_CTX_TASK_ID='create_folders' AIRFLOW_CTX_EXECUTION_DATE='2025-01-05T15:00:00+00:00' AIRFLOW_CTX_TRY_NUMBER='1' AIRFLOW_CTX_DAG_RUN_ID='scheduled__2025-01-05T15:00:00+00:00'
[2025-06-12T01:45:39.632+0000] {python.py:201} INFO - Done. Returned value was: None
[2025-06-12T01:45:39.637+0000] {taskinstance.py:1138} INFO - Marking task as SUCCESS. dag_id=dynamic_training_pipeline, task_id=create_folders, execution_date=20250105T150000, start_date=20250612T014539, end_date=20250612T014539
[2025-06-12T01:45:39.667+0000] {local_task_job_runner.py:234} INFO - Task exited with return code 0
[2025-06-12T01:45:39.683+0000] {taskinstance.py:3280} INFO - 1 downstream tasks scheduled from follow-on schedule check
