[2025-06-12T00:56:45.656+0000] {taskinstance.py:1956} INFO - Dependencies all met for dep_context=non-requeueable deps ti=<TaskInstance: dynamic_training_pipeline.create_folders scheduled__2024-12-05T15:00:00+00:00 [queued]>
[2025-06-12T00:56:45.665+0000] {taskinstance.py:1956} INFO - Dependencies all met for dep_context=requeueable deps ti=<TaskInstance: dynamic_training_pipeline.create_folders scheduled__2024-12-05T15:00:00+00:00 [queued]>
[2025-06-12T00:56:45.666+0000] {taskinstance.py:2170} INFO - Starting attempt 1 of 2
[2025-06-12T00:56:45.678+0000] {taskinstance.py:2191} INFO - Executing <Task(PythonOperator): create_folders> on 2024-12-05 15:00:00+00:00
[2025-06-12T00:56:45.690+0000] {standard_task_runner.py:60} INFO - Started process 307 to run task
[2025-06-12T00:56:45.693+0000] {standard_task_runner.py:87} INFO - Running: ['***', 'tasks', 'run', 'dynamic_training_pipeline', 'create_folders', 'scheduled__2024-12-05T15:00:00+00:00', '--job-id', '63', '--raw', '--subdir', 'DAGS_FOLDER/dag_dynamic.py', '--cfg-path', '/tmp/tmp1ma93ijg']
[2025-06-12T00:56:45.694+0000] {standard_task_runner.py:88} INFO - Job 63: Subtask create_folders
[2025-06-12T00:56:45.760+0000] {task_command.py:423} INFO - Running <TaskInstance: dynamic_training_pipeline.create_folders scheduled__2024-12-05T15:00:00+00:00 [running]> on host 5b1df1b482e5
[2025-06-12T00:56:45.830+0000] {taskinstance.py:2480} INFO - Exporting env vars: AIRFLOW_CTX_DAG_OWNER='***' AIRFLOW_CTX_DAG_ID='dynamic_training_pipeline' AIRFLOW_CTX_TASK_ID='create_folders' AIRFLOW_CTX_EXECUTION_DATE='2024-12-05T15:00:00+00:00' AIRFLOW_CTX_TRY_NUMBER='1' AIRFLOW_CTX_DAG_RUN_ID='scheduled__2024-12-05T15:00:00+00:00'
[2025-06-12T00:56:45.834+0000] {python.py:201} INFO - Done. Returned value was: None
[2025-06-12T00:56:45.844+0000] {taskinstance.py:1138} INFO - Marking task as SUCCESS. dag_id=dynamic_training_pipeline, task_id=create_folders, execution_date=20241205T150000, start_date=20250612T005645, end_date=20250612T005645
[2025-06-12T00:56:45.874+0000] {local_task_job_runner.py:234} INFO - Task exited with return code 0
[2025-06-12T00:56:45.920+0000] {taskinstance.py:3280} INFO - 1 downstream tasks scheduled from follow-on schedule check
[2025-06-12T01:45:39.370+0000] {taskinstance.py:1956} INFO - Dependencies all met for dep_context=non-requeueable deps ti=<TaskInstance: dynamic_training_pipeline.create_folders scheduled__2024-12-05T15:00:00+00:00 [queued]>
[2025-06-12T01:45:39.378+0000] {taskinstance.py:1956} INFO - Dependencies all met for dep_context=requeueable deps ti=<TaskInstance: dynamic_training_pipeline.create_folders scheduled__2024-12-05T15:00:00+00:00 [queued]>
[2025-06-12T01:45:39.378+0000] {taskinstance.py:2170} INFO - Starting attempt 1 of 2
[2025-06-12T01:45:39.395+0000] {taskinstance.py:2191} INFO - Executing <Task(PythonOperator): create_folders> on 2024-12-05 15:00:00+00:00
[2025-06-12T01:45:39.409+0000] {standard_task_runner.py:60} INFO - Started process 307 to run task
[2025-06-12T01:45:39.411+0000] {standard_task_runner.py:87} INFO - Running: ['***', 'tasks', 'run', 'dynamic_training_pipeline', 'create_folders', 'scheduled__2024-12-05T15:00:00+00:00', '--job-id', '4', '--raw', '--subdir', 'DAGS_FOLDER/dag_dynamic.py', '--cfg-path', '/tmp/tmpzys496kh']
[2025-06-12T01:45:39.415+0000] {standard_task_runner.py:88} INFO - Job 4: Subtask create_folders
[2025-06-12T01:45:39.468+0000] {task_command.py:423} INFO - Running <TaskInstance: dynamic_training_pipeline.create_folders scheduled__2024-12-05T15:00:00+00:00 [running]> on host caffbd336f08
[2025-06-12T01:45:39.529+0000] {taskinstance.py:2480} INFO - Exporting env vars: AIRFLOW_CTX_DAG_OWNER='***' AIRFLOW_CTX_DAG_ID='dynamic_training_pipeline' AIRFLOW_CTX_TASK_ID='create_folders' AIRFLOW_CTX_EXECUTION_DATE='2024-12-05T15:00:00+00:00' AIRFLOW_CTX_TRY_NUMBER='1' AIRFLOW_CTX_DAG_RUN_ID='scheduled__2024-12-05T15:00:00+00:00'
[2025-06-12T01:45:39.533+0000] {python.py:201} INFO - Done. Returned value was: None
[2025-06-12T01:45:39.541+0000] {taskinstance.py:1138} INFO - Marking task as SUCCESS. dag_id=dynamic_training_pipeline, task_id=create_folders, execution_date=20241205T150000, start_date=20250612T014539, end_date=20250612T014539
[2025-06-12T01:45:39.592+0000] {local_task_job_runner.py:234} INFO - Task exited with return code 0
[2025-06-12T01:45:39.616+0000] {taskinstance.py:3280} INFO - 1 downstream tasks scheduled from follow-on schedule check
